<?xml version="1.0" encoding="UTF-8"?>
<!-- Generated by org.testng.reporters.JUnitXMLReporter -->
<testsuite hostname="DESKTOP-K32O6AO" name="CategoriaTest" tests="7" failures="0" timestamp="17 Sep 2017 21:51:01 GMT" time="1.654" errors="0">
  <testcase name="insertar" time="0.298" classname="pe.com.test.CategoriaTest"/>
  <testcase name="timeOut" time="0.913" classname="pe.com.test.CategoriaTest"/>
  <testcase name="insertarDataProvider" time="0.131" classname="pe.com.test.CategoriaTest"/>
  <testcase name="insertarDataProvider" time="0.163" classname="pe.com.test.CategoriaTest"/>
  <testcase name="actualizar" time="0.063" classname="pe.com.test.CategoriaTest"/>
  <testcase name="obtener" time="0.007" classname="pe.com.test.CategoriaTest"/>
  <testcase name="eliminar" time="0.042" classname="pe.com.test.CategoriaTest"/>
</testsuite> <!-- CategoriaTest -->
